2024-06-17 20:47:48,261 INFO: Library startup [in D:\alllab\RDExam\app\__init__.py:35]
2024-06-17 20:47:59,591 INFO: Пользователь 12345 вошел в систему. [in D:\alllab\RDExam\app\routes.py:120]
2024-06-17 20:48:02,725 INFO: Книга с ID 24 удалена. [in D:\alllab\RDExam\app\routes.py:103]
2024-06-17 20:48:05,525 INFO: Книга с ID 31 удалена. [in D:\alllab\RDExam\app\routes.py:103]
2024-06-17 20:48:08,543 INFO: Книга с ID 28 удалена. [in D:\alllab\RDExam\app\routes.py:103]
2024-06-17 20:48:11,299 INFO: Книга с ID 25 удалена. [in D:\alllab\RDExam\app\routes.py:103]
2024-06-17 20:52:03,937 INFO: Форма добавления книги прошла валидацию. [in D:\alllab\RDExam\app\routes.py:27]
2024-06-17 20:52:04,152 INFO: Обложка книги сохранена: photo_2024-06-06_03-31-56_2.jpg [in D:\alllab\RDExam\app\routes.py:43]
2024-06-17 20:52:04,294 INFO: Книга Книга 1 добавлена в базу данных. [in D:\alllab\RDExam\app\routes.py:52]
2024-06-17 22:35:45,908 INFO: Library startup [in D:\alllab\RDExam\app\__init__.py:35]
2024-06-17 22:35:53,447 INFO: Пользователь 12345 вышел из системы. [in D:\alllab\RDExam\app\routes.py:131]
2024-06-17 22:36:01,079 INFO: Пользователь 12345 вошел в систему. [in D:\alllab\RDExam\app\routes.py:120]
2024-06-17 22:36:08,206 INFO: Книга с ID 26 обновлена. [in D:\alllab\RDExam\app\routes.py:82]
2024-06-17 22:36:19,477 INFO: Книга с ID 34 обновлена. [in D:\alllab\RDExam\app\routes.py:82]
2024-06-17 22:36:28,089 INFO: Рецензия добавлена для книги с ID 34 пользователем 12345. [in D:\alllab\RDExam\app\routes.py:173]
2024-06-17 22:37:02,428 INFO: Пользователь 12345 вышел из системы. [in D:\alllab\RDExam\app\routes.py:131]
2024-06-17 23:00:38,523 INFO: Library startup [in D:\alllab\RDExam\app\__init__.py:35]
2024-06-17 23:00:47,497 INFO: Пользователь 12345 вошел в систему. [in D:\alllab\RDExam\app\routes.py:120]
2024-06-17 23:01:35,314 INFO: Книга с ID 26 обновлена. [in D:\alllab\RDExam\app\routes.py:82]
2024-06-17 23:01:50,814 INFO: Форма добавления книги прошла валидацию. [in D:\alllab\RDExam\app\routes.py:27]
2024-06-17 23:01:51,225 INFO: Обложка книги сохранена: photo_2024-06-06_03-28-12_3.jpg [in D:\alllab\RDExam\app\routes.py:43]
2024-06-17 23:01:51,486 INFO: Книга 234567 добавлена в базу данных. [in D:\alllab\RDExam\app\routes.py:52]
2024-06-17 23:02:13,510 INFO: Обложка книги удалена: photo_2024-06-06_03-28-12_3.jpg [in D:\alllab\RDExam\app\routes.py:99]
2024-06-17 23:02:13,690 INFO: Книга с ID 35 удалена. [in D:\alllab\RDExam\app\routes.py:103]
2024-06-17 23:02:30,515 INFO: Форма добавления книги прошла валидацию. [in D:\alllab\RDExam\app\routes.py:27]
2024-06-17 23:02:30,764 INFO: Обложка книги сохранена: photo_2024-06-06_03-28-13_2.jpg [in D:\alllab\RDExam\app\routes.py:43]
2024-06-17 23:02:31,126 INFO: Книга 324546576 добавлена в базу данных. [in D:\alllab\RDExam\app\routes.py:52]
2024-06-17 23:02:43,403 INFO: Рецензия добавлена для книги с ID 36 пользователем 12345. [in D:\alllab\RDExam\app\routes.py:173]
2024-06-17 23:02:51,175 INFO: Обложка книги удалена: photo_2024-06-06_03-28-13_2.jpg [in D:\alllab\RDExam\app\routes.py:99]
2024-06-17 23:02:51,553 INFO: Книга с ID 36 удалена. [in D:\alllab\RDExam\app\routes.py:103]
2024-06-17 23:04:48,112 INFO: Library startup [in D:\alllab\RDExam\app\__init__.py:35]
2024-06-17 23:05:20,553 INFO: Library startup [in D:\alllab\RDExam\app\__init__.py:35]
2024-06-17 23:06:05,679 INFO: Книга с ID 26 обновлена. [in D:\alllab\RDExam\app\routes.py:82]
2024-06-17 23:08:20,901 INFO: Форма добавления книги прошла валидацию. [in D:\alllab\RDExam\app\routes.py:27]
2024-06-17 23:08:21,128 INFO: Обложка книги сохранена: photo_2024-06-06_03-28-12_2.jpg [in D:\alllab\RDExam\app\routes.py:43]
2024-06-17 23:08:21,333 INFO: Книга Книга 2 добавлена в базу данных. [in D:\alllab\RDExam\app\routes.py:52]
2024-06-17 23:08:58,415 INFO: Форма добавления книги прошла валидацию. [in D:\alllab\RDExam\app\routes.py:27]
2024-06-17 23:08:58,478 INFO: Обложка книги сохранена: photo_2024-06-06_03-28-12_3.jpg [in D:\alllab\RDExam\app\routes.py:43]
2024-06-17 23:08:58,793 INFO: Книга Книга 3 добавлена в базу данных. [in D:\alllab\RDExam\app\routes.py:52]
2024-06-17 23:09:09,979 INFO: Книга с ID 38 обновлена. [in D:\alllab\RDExam\app\routes.py:82]
2024-06-17 23:09:17,532 INFO: Книга с ID 38 удалена. [in D:\alllab\RDExam\app\routes.py:103]
2024-06-17 23:09:50,449 INFO: Форма добавления книги прошла валидацию. [in D:\alllab\RDExam\app\routes.py:27]
2024-06-17 23:09:50,908 INFO: Обложка книги сохранена: photo_2024-06-06_03-31-59.jpg [in D:\alllab\RDExam\app\routes.py:43]
2024-06-17 23:09:51,333 INFO: Книга Книга 3 добавлена в базу данных. [in D:\alllab\RDExam\app\routes.py:52]
2024-06-17 23:10:38,427 INFO: Форма добавления книги прошла валидацию. [in D:\alllab\RDExam\app\routes.py:27]
2024-06-17 23:10:38,644 INFO: Обложка книги сохранена: photo_2024-06-06_03-28-13_3.jpg [in D:\alllab\RDExam\app\routes.py:43]
2024-06-17 23:10:39,108 INFO: Книга Книга 4  добавлена в базу данных. [in D:\alllab\RDExam\app\routes.py:52]
2024-06-17 23:11:32,556 INFO: Форма добавления книги прошла валидацию. [in D:\alllab\RDExam\app\routes.py:27]
2024-06-17 23:11:32,806 INFO: Обложка книги сохранена: photo_2024-06-06_03-31-54_2.jpg [in D:\alllab\RDExam\app\routes.py:43]
2024-06-17 23:11:33,057 INFO: Книга Книга 5 добавлена в базу данных. [in D:\alllab\RDExam\app\routes.py:52]
2024-06-17 23:13:19,131 INFO: Форма добавления книги прошла валидацию. [in D:\alllab\RDExam\app\routes.py:27]
2024-06-17 23:13:19,332 INFO: Обложка книги сохранена: photo_2024-06-06_03-31-55_3.jpg [in D:\alllab\RDExam\app\routes.py:43]
2024-06-17 23:13:19,575 INFO: Книга Шесть Шесть Шесть добавлена в базу данных. [in D:\alllab\RDExam\app\routes.py:52]
2024-06-17 23:14:36,893 INFO: Форма добавления книги прошла валидацию. [in D:\alllab\RDExam\app\routes.py:27]
2024-06-17 23:14:37,197 INFO: Обложка книги сохранена: photo_2024-06-06_03-28-14.jpg [in D:\alllab\RDExam\app\routes.py:43]
2024-06-17 23:14:37,852 INFO: Книга Седьмая КНИГА добавлена в базу данных. [in D:\alllab\RDExam\app\routes.py:52]
2024-06-17 23:16:16,275 INFO: Форма добавления книги прошла валидацию. [in D:\alllab\RDExam\app\routes.py:27]
2024-06-17 23:16:16,718 INFO: Обложка книги сохранена: photo_2024-06-06_03-31-54.jpg [in D:\alllab\RDExam\app\routes.py:43]
2024-06-17 23:16:17,146 INFO: Книга Восьмая книга  добавлена в базу данных. [in D:\alllab\RDExam\app\routes.py:52]
2024-06-17 23:17:18,541 INFO: Форма добавления книги прошла валидацию. [in D:\alllab\RDExam\app\routes.py:27]
2024-06-17 23:17:18,810 INFO: Обложка книги сохранена: photo_2024-06-06_03-31-55.jpg [in D:\alllab\RDExam\app\routes.py:43]
2024-06-17 23:17:18,995 INFO: Книга девятая книга добавлена в базу данных. [in D:\alllab\RDExam\app\routes.py:52]
2024-06-17 23:18:48,723 INFO: Форма добавления книги прошла валидацию. [in D:\alllab\RDExam\app\routes.py:27]
2024-06-17 23:18:49,036 INFO: Обложка книги сохранена: photo_2024-06-06_03-31-58_3.jpg [in D:\alllab\RDExam\app\routes.py:43]
2024-06-17 23:18:49,318 INFO: Книга 10 книга добавлена в базу данных. [in D:\alllab\RDExam\app\routes.py:52]
2024-06-17 23:21:17,055 INFO: Форма добавления книги прошла валидацию. [in D:\alllab\RDExam\app\routes.py:27]
2024-06-17 23:21:17,421 INFO: Обложка книги сохранена: photo_2024-06-06_03-31-54_3.jpg [in D:\alllab\RDExam\app\routes.py:43]
2024-06-17 23:21:17,658 INFO: Книга последняя книга добавлена в базу данных. [in D:\alllab\RDExam\app\routes.py:52]
